2022-05-30 15:21:40,883 | INFO  | Using Persistence Adapter: KahaDBPersistenceAdapter[C:\Users\Barcoaie\Desktop\Facultate\Master\Sem2\WSMT\3.Middleware\apache-activemq-5.17.1-bin\bin\..\data\kahadb] | org.apache.activemq.broker.BrokerService | main
2022-05-30 15:21:41,591 | INFO  | PListStore:[C:\Users\Barcoaie\Desktop\Facultate\Master\Sem2\WSMT\3.Middleware\apache-activemq-5.17.1-bin\bin\..\data\localhost\tmp_storage] started | org.apache.activemq.store.kahadb.plist.PListStoreImpl | main
2022-05-30 15:21:41,807 | INFO  | Apache ActiveMQ 5.17.1 (localhost, ID:DESKTOP-3O39TEE-4306-1653913301625-0:1) is starting | org.apache.activemq.broker.BrokerService | main
2022-05-30 15:21:41,848 | INFO  | Listening for connections at: tcp://DESKTOP-3O39TEE:61616?maximumConnections=1000&wireFormat.maxFrameSize=104857600 | org.apache.activemq.transport.TransportServerThreadSupport | main
2022-05-30 15:21:41,848 | INFO  | Connector openwire started | org.apache.activemq.broker.TransportConnector | main
2022-05-30 15:21:41,864 | INFO  | Listening for connections at: amqp://DESKTOP-3O39TEE:5672?maximumConnections=1000&wireFormat.maxFrameSize=104857600 | org.apache.activemq.transport.TransportServerThreadSupport | main
2022-05-30 15:21:41,865 | INFO  | Connector amqp started | org.apache.activemq.broker.TransportConnector | main
2022-05-30 15:21:41,871 | INFO  | Listening for connections at: stomp://DESKTOP-3O39TEE:61613?maximumConnections=1000&wireFormat.maxFrameSize=104857600 | org.apache.activemq.transport.TransportServerThreadSupport | main
2022-05-30 15:21:41,873 | INFO  | Connector stomp started | org.apache.activemq.broker.TransportConnector | main
2022-05-30 15:21:41,876 | ERROR | Failed to start Apache ActiveMQ (localhost, ID:DESKTOP-3O39TEE-4306-1653913301625-0:1) | org.apache.activemq.broker.BrokerService | main
java.io.IOException: Transport Connector could not be registered in JMX: java.io.IOException: Failed to bind to server socket: mqtt://0.0.0.0:1883?maximumConnections=1000&wireFormat.maxFrameSize=104857600 due to: java.net.BindException: Address already in use: NET_Bind
	at org.apache.activemq.util.IOExceptionSupport.create(IOExceptionSupport.java:30)
	at org.apache.activemq.broker.BrokerService.registerConnectorMBean(BrokerService.java:2241)
	at org.apache.activemq.broker.BrokerService.startTransportConnector(BrokerService.java:2722)
	at org.apache.activemq.broker.BrokerService.startAllConnectors(BrokerService.java:2618)
	at org.apache.activemq.broker.BrokerService.doStartBroker(BrokerService.java:757)
	at org.apache.activemq.broker.BrokerService.startBroker(BrokerService.java:719)
	at org.apache.activemq.broker.BrokerService.start(BrokerService.java:622)
	at org.apache.activemq.xbean.XBeanBrokerService.afterPropertiesSet(XBeanBrokerService.java:73)
	at java.base/jdk.internal.reflect.NativeMethodAccessorImpl.invoke0(Native Method)
	at java.base/jdk.internal.reflect.NativeMethodAccessorImpl.invoke(NativeMethodAccessorImpl.java:62)
	at java.base/jdk.internal.reflect.DelegatingMethodAccessorImpl.invoke(DelegatingMethodAccessorImpl.java:43)
	at java.base/java.lang.reflect.Method.invoke(Method.java:566)
	at org.springframework.beans.factory.support.AbstractAutowireCapableBeanFactory.invokeCustomInitMethod(AbstractAutowireCapableBeanFactory.java:1930)
	at org.springframework.beans.factory.support.AbstractAutowireCapableBeanFactory.invokeInitMethods(AbstractAutowireCapableBeanFactory.java:1872)
	at org.springframework.beans.factory.support.AbstractAutowireCapableBeanFactory.initializeBean(AbstractAutowireCapableBeanFactory.java:1800)
	at org.springframework.beans.factory.support.AbstractAutowireCapableBeanFactory.doCreateBean(AbstractAutowireCapableBeanFactory.java:620)
	at org.springframework.beans.factory.support.AbstractAutowireCapableBeanFactory.createBean(AbstractAutowireCapableBeanFactory.java:542)
	at org.springframework.beans.factory.support.AbstractBeanFactory.lambda$doGetBean$0(AbstractBeanFactory.java:335)
	at org.springframework.beans.factory.support.DefaultSingletonBeanRegistry.getSingleton(DefaultSingletonBeanRegistry.java:234)
	at org.springframework.beans.factory.support.AbstractBeanFactory.doGetBean(AbstractBeanFactory.java:333)
	at org.springframework.beans.factory.support.AbstractBeanFactory.getBean(AbstractBeanFactory.java:208)
	at org.springframework.beans.factory.support.DefaultListableBeanFactory.preInstantiateSingletons(DefaultListableBeanFactory.java:953)
	at org.springframework.context.support.AbstractApplicationContext.finishBeanFactoryInitialization(AbstractApplicationContext.java:918)
	at org.springframework.context.support.AbstractApplicationContext.refresh(AbstractApplicationContext.java:583)
	at org.apache.xbean.spring.context.ResourceXmlApplicationContext.<init>(ResourceXmlApplicationContext.java:64)
	at org.apache.xbean.spring.context.ResourceXmlApplicationContext.<init>(ResourceXmlApplicationContext.java:52)
	at org.apache.activemq.xbean.XBeanBrokerFactory$1.<init>(XBeanBrokerFactory.java:104)
	at org.apache.activemq.xbean.XBeanBrokerFactory.createApplicationContext(XBeanBrokerFactory.java:104)
	at org.apache.activemq.xbean.XBeanBrokerFactory.createBroker(XBeanBrokerFactory.java:67)
	at org.apache.activemq.broker.BrokerFactory.createBroker(BrokerFactory.java:71)
	at org.apache.activemq.broker.BrokerFactory.createBroker(BrokerFactory.java:54)
	at org.apache.activemq.console.command.StartCommand.runTask(StartCommand.java:87)
	at org.apache.activemq.console.command.AbstractCommand.execute(AbstractCommand.java:63)
	at org.apache.activemq.console.command.ShellCommand.runTask(ShellCommand.java:154)
	at org.apache.activemq.console.command.AbstractCommand.execute(AbstractCommand.java:63)
	at org.apache.activemq.console.command.ShellCommand.main(ShellCommand.java:104)
	at java.base/jdk.internal.reflect.NativeMethodAccessorImpl.invoke0(Native Method)
	at java.base/jdk.internal.reflect.NativeMethodAccessorImpl.invoke(NativeMethodAccessorImpl.java:62)
	at java.base/jdk.internal.reflect.DelegatingMethodAccessorImpl.invoke(DelegatingMethodAccessorImpl.java:43)
	at java.base/java.lang.reflect.Method.invoke(Method.java:566)
	at org.apache.activemq.console.Main.runTaskClass(Main.java:262)
	at org.apache.activemq.console.Main.main(Main.java:115)
Caused by: java.io.IOException: Failed to bind to server socket: mqtt://0.0.0.0:1883?maximumConnections=1000&wireFormat.maxFrameSize=104857600 due to: java.net.BindException: Address already in use: NET_Bind
	at org.apache.activemq.util.IOExceptionSupport.create(IOExceptionSupport.java:36)
	at org.apache.activemq.transport.tcp.TcpTransportServer.bind(TcpTransportServer.java:146)
	at org.apache.activemq.transport.tcp.TcpTransportFactory.doBind(TcpTransportFactory.java:62)
	at org.apache.activemq.transport.TransportFactorySupport.bind(TransportFactorySupport.java:40)
	at org.apache.activemq.broker.TransportConnector.createTransportServer(TransportConnector.java:336)
	at org.apache.activemq.broker.TransportConnector.getServer(TransportConnector.java:146)
	at org.apache.activemq.broker.TransportConnector.asManagedConnector(TransportConnector.java:111)
	at org.apache.activemq.broker.BrokerService.registerConnectorMBean(BrokerService.java:2236)
	... 40 more
Caused by: java.net.BindException: Address already in use: NET_Bind
	at java.base/java.net.PlainSocketImpl.bind0(Native Method)
	at java.base/java.net.PlainSocketImpl.socketBind(PlainSocketImpl.java:132)
	at java.base/java.net.AbstractPlainSocketImpl.bind(AbstractPlainSocketImpl.java:436)
	at java.base/java.net.ServerSocket.bind(ServerSocket.java:381)
	at java.base/java.net.ServerSocket.<init>(ServerSocket.java:243)
	at java.base/javax.net.DefaultServerSocketFactory.createServerSocket(ServerSocketFactory.java:231)
	at org.apache.activemq.transport.tcp.TcpTransportServer.bind(TcpTransportServer.java:143)
	... 46 more
2022-05-30 15:21:41,923 | INFO  | Apache ActiveMQ 5.17.1 (localhost, ID:DESKTOP-3O39TEE-4306-1653913301625-0:1) is shutting down | org.apache.activemq.broker.BrokerService | main
2022-05-30 15:21:41,934 | INFO  | Connector openwire stopped | org.apache.activemq.broker.TransportConnector | main
2022-05-30 15:21:41,936 | INFO  | Connector amqp stopped | org.apache.activemq.broker.TransportConnector | main
2022-05-30 15:21:41,937 | INFO  | Connector stomp stopped | org.apache.activemq.broker.TransportConnector | main
2022-05-30 15:21:41,938 | INFO  | Connector mqtt stopped | org.apache.activemq.broker.TransportConnector | main
2022-05-30 15:21:41,939 | INFO  | Connector ws stopped | org.apache.activemq.broker.TransportConnector | main
2022-05-30 15:21:41,943 | INFO  | PListStore:[C:\Users\Barcoaie\Desktop\Facultate\Master\Sem2\WSMT\3.Middleware\apache-activemq-5.17.1-bin\bin\..\data\localhost\tmp_storage] stopped | org.apache.activemq.store.kahadb.plist.PListStoreImpl | main
2022-05-30 15:21:41,943 | INFO  | Stopping async queue tasks | org.apache.activemq.store.kahadb.KahaDBStore | main
2022-05-30 15:21:41,948 | INFO  | Stopping async topic tasks | org.apache.activemq.store.kahadb.KahaDBStore | main
2022-05-30 15:21:41,948 | INFO  | Stopped KahaDB | org.apache.activemq.store.kahadb.KahaDBStore | main
2022-05-30 15:21:41,986 | INFO  | Apache ActiveMQ 5.17.1 (localhost, ID:DESKTOP-3O39TEE-4306-1653913301625-0:1) uptime 1.151 seconds | org.apache.activemq.broker.BrokerService | main
2022-05-30 15:21:41,986 | INFO  | Apache ActiveMQ 5.17.1 (localhost, ID:DESKTOP-3O39TEE-4306-1653913301625-0:1) is shutdown | org.apache.activemq.broker.BrokerService | main
2022-05-30 15:21:42,000 | WARN  | Exception encountered during context initialization - cancelling refresh attempt: org.springframework.beans.factory.BeanCreationException: Error creating bean with name 'org.apache.activemq.xbean.XBeanBrokerService#0' defined in class path resource [activemq.xml]: Invocation of init method failed; nested exception is java.io.IOException: Transport Connector could not be registered in JMX: java.io.IOException: Failed to bind to server socket: mqtt://0.0.0.0:1883?maximumConnections=1000&wireFormat.maxFrameSize=104857600 due to: java.net.BindException: Address already in use: NET_Bind | org.apache.activemq.xbean.XBeanBrokerFactory$1 | main
2022-05-30 15:29:13,714 | INFO  | Using Persistence Adapter: KahaDBPersistenceAdapter[C:\Users\Barcoaie\Desktop\Facultate\Master\Sem2\WSMT\3.Middleware\apache-activemq-5.17.1-bin\bin\..\data\kahadb] | org.apache.activemq.broker.BrokerService | main
2022-05-30 15:29:13,896 | INFO  | KahaDB is version 7 | org.apache.activemq.store.kahadb.MessageDatabase | main
2022-05-30 15:29:14,232 | INFO  | PListStore:[C:\Users\Barcoaie\Desktop\Facultate\Master\Sem2\WSMT\3.Middleware\apache-activemq-5.17.1-bin\bin\..\data\localhost\tmp_storage] started | org.apache.activemq.store.kahadb.plist.PListStoreImpl | main
2022-05-30 15:29:14,422 | INFO  | Apache ActiveMQ 5.17.1 (localhost, ID:DESKTOP-3O39TEE-1331-1653913754261-0:1) is starting | org.apache.activemq.broker.BrokerService | main
2022-05-30 15:29:14,500 | INFO  | Listening for connections at: tcp://DESKTOP-3O39TEE:61616?maximumConnections=1000&wireFormat.maxFrameSize=104857600 | org.apache.activemq.transport.TransportServerThreadSupport | main
2022-05-30 15:29:14,508 | INFO  | Connector openwire started | org.apache.activemq.broker.TransportConnector | main
2022-05-30 15:29:14,518 | INFO  | Listening for connections at: amqp://DESKTOP-3O39TEE:5672?maximumConnections=1000&wireFormat.maxFrameSize=104857600 | org.apache.activemq.transport.TransportServerThreadSupport | main
2022-05-30 15:29:14,520 | INFO  | Connector amqp started | org.apache.activemq.broker.TransportConnector | main
2022-05-30 15:29:14,530 | INFO  | Listening for connections at: stomp://DESKTOP-3O39TEE:61613?maximumConnections=1000&wireFormat.maxFrameSize=104857600 | org.apache.activemq.transport.TransportServerThreadSupport | main
2022-05-30 15:29:14,532 | INFO  | Connector stomp started | org.apache.activemq.broker.TransportConnector | main
2022-05-30 15:29:14,545 | INFO  | Listening for connections at: mqtt://DESKTOP-3O39TEE:1883?maximumConnections=1000&wireFormat.maxFrameSize=104857600 | org.apache.activemq.transport.TransportServerThreadSupport | main
2022-05-30 15:29:14,546 | INFO  | Connector mqtt started | org.apache.activemq.broker.TransportConnector | main
2022-05-30 15:29:14,559 | INFO  | Starting Jetty server | org.apache.activemq.transport.WebTransportServerSupport | main
2022-05-30 15:29:14,693 | INFO  | Creating Jetty connector | org.apache.activemq.transport.WebTransportServerSupport | main
2022-05-30 15:29:14,880 | WARN  | ServletContext@o.e.j.s.ServletContextHandler@59ce792e{/,null,STARTING} has uncovered http methods for path: / | org.eclipse.jetty.security.SecurityHandler | main
2022-05-30 15:29:15,052 | INFO  | Listening for connections at ws://DESKTOP-3O39TEE:61614?maximumConnections=1000&wireFormat.maxFrameSize=104857600 | org.apache.activemq.transport.ws.WSTransportServer | main
2022-05-30 15:29:15,053 | INFO  | Connector ws started | org.apache.activemq.broker.TransportConnector | main
2022-05-30 15:29:15,055 | INFO  | Apache ActiveMQ 5.17.1 (localhost, ID:DESKTOP-3O39TEE-1331-1653913754261-0:1) started | org.apache.activemq.broker.BrokerService | main
2022-05-30 15:29:15,058 | INFO  | For help or more information please see: http://activemq.apache.org | org.apache.activemq.broker.BrokerService | main
2022-05-30 15:29:15,084 | WARN  | Store limit is 102400 mb (current store usage is 0 mb). The data directory: C:\Users\Barcoaie\Desktop\Facultate\Master\Sem2\WSMT\3.Middleware\apache-activemq-5.17.1-bin\bin\..\data\kahadb only has 27470 mb of usable space. - resetting to maximum available disk space: 27470 mb | org.apache.activemq.broker.BrokerService | main
2022-05-30 15:29:15,091 | WARN  | Temporary Store limit is 51200 mb (current store usage is 0 mb). The data directory: C:\Users\Barcoaie\Desktop\Facultate\Master\Sem2\WSMT\3.Middleware\apache-activemq-5.17.1-bin\bin\..\data only has 27470 mb of usable space. - resetting to maximum available disk space: 27470 mb | org.apache.activemq.broker.BrokerService | main
2022-05-30 15:29:16,646 | INFO  | ActiveMQ WebConsole available at http://127.0.0.1:8161/ | org.apache.activemq.web.WebConsoleStarter | main
2022-05-30 15:29:16,660 | INFO  | ActiveMQ Jolokia REST API available at http://127.0.0.1:8161/api/jolokia/ | org.apache.activemq.web.WebConsoleStarter | main
2022-05-30 15:29:17,759 | WARN  | jolokia-agent: Error while accessing access restrictor at file:C:UsersBarcoaieDesktopFacultateMasterSem2WSMT3.Middlewareapache-activemq-5.17.1-binbin..conf/jolokia-access.xml. Denying all access to MBeans for security reasons. Exception: java.io.FileNotFoundException: C:UsersBarcoaieDesktopFacultateMasterSem2WSMT3.Middlewareapache-activemq-5.17.1-binbin..conf\jolokia-access.xml (The system cannot find the path specified) | org.eclipse.jetty.server.handler.ContextHandler.api | main
java.io.FileNotFoundException: C:UsersBarcoaieDesktopFacultateMasterSem2WSMT3.Middlewareapache-activemq-5.17.1-binbin..conf\jolokia-access.xml (The system cannot find the path specified)
	at java.base/java.io.FileInputStream.open0(Native Method)
	at java.base/java.io.FileInputStream.open(FileInputStream.java:219)
	at java.base/java.io.FileInputStream.<init>(FileInputStream.java:157)
	at java.base/java.io.FileInputStream.<init>(FileInputStream.java:112)
	at java.base/sun.net.www.protocol.file.FileURLConnection.connect(FileURLConnection.java:86)
	at java.base/sun.net.www.protocol.file.FileURLConnection.getInputStream(FileURLConnection.java:184)
	at java.base/java.net.URL.openStream(URL.java:1140)
	at org.jolokia.restrictor.RestrictorFactory.lookupPolicyRestrictor(RestrictorFactory.java:119)
	at org.jolokia.restrictor.RestrictorFactory.createRestrictor(RestrictorFactory.java:50)
	at org.jolokia.http.AgentServlet.createRestrictor(AgentServlet.java:195)
	at org.jolokia.http.AgentServlet.init(AgentServlet.java:135)
	at org.eclipse.jetty.servlet.ServletHolder$Wrapper.init(ServletHolder.java:1345)
	at org.eclipse.jetty.servlet.ServletHolder.initServlet(ServletHolder.java:632)
	at org.eclipse.jetty.servlet.ServletHolder.initialize(ServletHolder.java:415)
	at org.eclipse.jetty.servlet.ServletHandler.lambda$initialize$0(ServletHandler.java:731)
	at java.base/java.util.stream.SortedOps$SizedRefSortingSink.end(SortedOps.java:357)
	at java.base/java.util.stream.AbstractPipeline.copyInto(AbstractPipeline.java:485)
	at java.base/java.util.stream.AbstractPipeline.wrapAndCopyInto(AbstractPipeline.java:474)
	at java.base/java.util.stream.StreamSpliterators$WrappingSpliterator.forEachRemaining(StreamSpliterators.java:312)
	at java.base/java.util.stream.Streams$ConcatSpliterator.forEachRemaining(Streams.java:735)
	at java.base/java.util.stream.ReferencePipeline$Head.forEach(ReferencePipeline.java:658)
	at org.eclipse.jetty.servlet.ServletHandler.initialize(ServletHandler.java:755)
	at org.eclipse.jetty.servlet.ServletContextHandler.startContext(ServletContextHandler.java:379)
	at org.eclipse.jetty.webapp.WebAppContext.startWebapp(WebAppContext.java:1449)
	at org.eclipse.jetty.webapp.WebAppContext.startContext(WebAppContext.java:1414)
	at org.eclipse.jetty.server.handler.ContextHandler.doStart(ContextHandler.java:916)
	at org.eclipse.jetty.servlet.ServletContextHandler.doStart(ServletContextHandler.java:288)
	at org.eclipse.jetty.webapp.WebAppContext.doStart(WebAppContext.java:524)
	at org.eclipse.jetty.util.component.AbstractLifeCycle.start(AbstractLifeCycle.java:73)
	at org.eclipse.jetty.util.component.ContainerLifeCycle.start(ContainerLifeCycle.java:169)
	at org.eclipse.jetty.util.component.ContainerLifeCycle.doStart(ContainerLifeCycle.java:117)
	at org.eclipse.jetty.server.handler.AbstractHandler.doStart(AbstractHandler.java:97)
	at org.eclipse.jetty.util.component.AbstractLifeCycle.start(AbstractLifeCycle.java:73)
	at org.eclipse.jetty.util.component.ContainerLifeCycle.start(ContainerLifeCycle.java:169)
	at org.eclipse.jetty.util.component.ContainerLifeCycle.doStart(ContainerLifeCycle.java:110)
	at org.eclipse.jetty.server.handler.AbstractHandler.doStart(AbstractHandler.java:97)
	at org.eclipse.jetty.security.SecurityHandler.doStart(SecurityHandler.java:411)
	at org.eclipse.jetty.security.ConstraintSecurityHandler.doStart(ConstraintSecurityHandler.java:417)
	at org.eclipse.jetty.util.component.AbstractLifeCycle.start(AbstractLifeCycle.java:73)
	at org.eclipse.jetty.util.component.ContainerLifeCycle.start(ContainerLifeCycle.java:169)
	at org.eclipse.jetty.util.component.ContainerLifeCycle.doStart(ContainerLifeCycle.java:117)
	at org.eclipse.jetty.server.handler.AbstractHandler.doStart(AbstractHandler.java:97)
	at org.eclipse.jetty.util.component.AbstractLifeCycle.start(AbstractLifeCycle.java:73)
	at org.eclipse.jetty.util.component.ContainerLifeCycle.start(ContainerLifeCycle.java:169)
	at org.eclipse.jetty.server.Server.start(Server.java:423)
	at org.eclipse.jetty.util.component.ContainerLifeCycle.doStart(ContainerLifeCycle.java:110)
	at org.eclipse.jetty.server.handler.AbstractHandler.doStart(AbstractHandler.java:97)
	at org.eclipse.jetty.server.Server.doStart(Server.java:387)
	at org.eclipse.jetty.util.component.AbstractLifeCycle.start(AbstractLifeCycle.java:73)
	at java.base/jdk.internal.reflect.NativeMethodAccessorImpl.invoke0(Native Method)
	at java.base/jdk.internal.reflect.NativeMethodAccessorImpl.invoke(NativeMethodAccessorImpl.java:62)
	at java.base/jdk.internal.reflect.DelegatingMethodAccessorImpl.invoke(DelegatingMethodAccessorImpl.java:43)
	at java.base/java.lang.reflect.Method.invoke(Method.java:566)
	at org.springframework.util.MethodInvoker.invoke(MethodInvoker.java:283)
	at org.springframework.beans.factory.config.MethodInvokingBean.invokeWithTargetException(MethodInvokingBean.java:123)
	at org.springframework.beans.factory.config.MethodInvokingFactoryBean.afterPropertiesSet(MethodInvokingFactoryBean.java:108)
	at org.springframework.beans.factory.support.AbstractAutowireCapableBeanFactory.invokeInitMethods(AbstractAutowireCapableBeanFactory.java:1863)
	at org.springframework.beans.factory.support.AbstractAutowireCapableBeanFactory.initializeBean(AbstractAutowireCapableBeanFactory.java:1800)
	at org.springframework.beans.factory.support.AbstractAutowireCapableBeanFactory.doCreateBean(AbstractAutowireCapableBeanFactory.java:620)
	at org.springframework.beans.factory.support.AbstractAutowireCapableBeanFactory.createBean(AbstractAutowireCapableBeanFactory.java:542)
	at org.springframework.beans.factory.support.AbstractBeanFactory.lambda$doGetBean$0(AbstractBeanFactory.java:335)
	at org.springframework.beans.factory.support.DefaultSingletonBeanRegistry.getSingleton(DefaultSingletonBeanRegistry.java:234)
	at org.springframework.beans.factory.support.AbstractBeanFactory.doGetBean(AbstractBeanFactory.java:333)
	at org.springframework.beans.factory.support.AbstractBeanFactory.getBean(AbstractBeanFactory.java:208)
	at org.springframework.beans.factory.support.DefaultListableBeanFactory.preInstantiateSingletons(DefaultListableBeanFactory.java:934)
	at org.springframework.context.support.AbstractApplicationContext.finishBeanFactoryInitialization(AbstractApplicationContext.java:918)
	at org.springframework.context.support.AbstractApplicationContext.refresh(AbstractApplicationContext.java:583)
	at org.apache.xbean.spring.context.ResourceXmlApplicationContext.<init>(ResourceXmlApplicationContext.java:64)
	at org.apache.xbean.spring.context.ResourceXmlApplicationContext.<init>(ResourceXmlApplicationContext.java:52)
	at org.apache.activemq.xbean.XBeanBrokerFactory$1.<init>(XBeanBrokerFactory.java:104)
	at org.apache.activemq.xbean.XBeanBrokerFactory.createApplicationContext(XBeanBrokerFactory.java:104)
	at org.apache.activemq.xbean.XBeanBrokerFactory.createBroker(XBeanBrokerFactory.java:67)
	at org.apache.activemq.broker.BrokerFactory.createBroker(BrokerFactory.java:71)
	at org.apache.activemq.broker.BrokerFactory.createBroker(BrokerFactory.java:54)
	at org.apache.activemq.console.command.StartCommand.runTask(StartCommand.java:87)
	at org.apache.activemq.console.command.AbstractCommand.execute(AbstractCommand.java:63)
	at org.apache.activemq.console.command.ShellCommand.runTask(ShellCommand.java:154)
	at org.apache.activemq.console.command.AbstractCommand.execute(AbstractCommand.java:63)
	at org.apache.activemq.console.command.ShellCommand.main(ShellCommand.java:104)
	at java.base/jdk.internal.reflect.NativeMethodAccessorImpl.invoke0(Native Method)
	at java.base/jdk.internal.reflect.NativeMethodAccessorImpl.invoke(NativeMethodAccessorImpl.java:62)
	at java.base/jdk.internal.reflect.DelegatingMethodAccessorImpl.invoke(DelegatingMethodAccessorImpl.java:43)
	at java.base/java.lang.reflect.Method.invoke(Method.java:566)
	at org.apache.activemq.console.Main.runTaskClass(Main.java:262)
	at org.apache.activemq.console.Main.main(Main.java:115)
2022-05-30 19:45:17,878 | INFO  | Apache ActiveMQ 5.17.1 (localhost, ID:DESKTOP-3O39TEE-1331-1653913754261-0:1) is shutting down | org.apache.activemq.broker.BrokerService | Thread-20
2022-05-30 19:45:17,923 | INFO  | Connector openwire stopped | org.apache.activemq.broker.TransportConnector | Thread-20
2022-05-30 19:45:17,926 | INFO  | socketQueue interrupted - stopping | org.apache.activemq.transport.tcp.TcpTransportServer | ActiveMQ Transport Server Thread Handler: tcp://0.0.0.0:61616?maximumConnections=1000&wireFormat.maxFrameSize=104857600
2022-05-30 19:45:17,927 | INFO  | socketQueue interrupted - stopping | org.apache.activemq.transport.tcp.TcpTransportServer | ActiveMQ Transport Server Thread Handler: amqp://0.0.0.0:5672?maximumConnections=1000&wireFormat.maxFrameSize=104857600
2022-05-30 19:45:17,927 | INFO  | Connector amqp stopped | org.apache.activemq.broker.TransportConnector | Thread-20
2022-05-30 19:45:17,933 | INFO  | Could not accept connection during shutdown  : null (null) | org.apache.activemq.broker.TransportConnector | ActiveMQ Transport Server Thread Handler: amqp://0.0.0.0:5672?maximumConnections=1000&wireFormat.maxFrameSize=104857600
2022-05-30 19:45:17,933 | INFO  | Could not accept connection during shutdown  : null (null) | org.apache.activemq.broker.TransportConnector | ActiveMQ Transport Server Thread Handler: tcp://0.0.0.0:61616?maximumConnections=1000&wireFormat.maxFrameSize=104857600
2022-05-30 19:45:17,934 | INFO  | Connector stomp stopped | org.apache.activemq.broker.TransportConnector | Thread-20
2022-05-30 19:45:17,938 | INFO  | Connector mqtt stopped | org.apache.activemq.broker.TransportConnector | Thread-20
2022-05-30 19:45:18,082 | INFO  | Connector ws stopped | org.apache.activemq.broker.TransportConnector | Thread-20
2022-05-30 19:45:18,122 | INFO  | PListStore:[C:\Users\Barcoaie\Desktop\Facultate\Master\Sem2\WSMT\3.Middleware\apache-activemq-5.17.1-bin\bin\..\data\localhost\tmp_storage] stopped | org.apache.activemq.store.kahadb.plist.PListStoreImpl | Thread-20
2022-05-30 19:45:18,126 | INFO  | Stopping async queue tasks | org.apache.activemq.store.kahadb.KahaDBStore | Thread-20
2022-05-30 19:45:18,127 | INFO  | Stopping async topic tasks | org.apache.activemq.store.kahadb.KahaDBStore | Thread-20
2022-05-30 19:45:18,129 | INFO  | Stopped KahaDB | org.apache.activemq.store.kahadb.KahaDBStore | Thread-20
2022-05-30 19:45:18,194 | INFO  | Apache ActiveMQ 5.17.1 (localhost, ID:DESKTOP-3O39TEE-1331-1653913754261-0:1) uptime 4 hours 16 minutes | org.apache.activemq.broker.BrokerService | Thread-20
2022-05-30 19:45:18,194 | INFO  | Apache ActiveMQ 5.17.1 (localhost, ID:DESKTOP-3O39TEE-1331-1653913754261-0:1) is shutdown | org.apache.activemq.broker.BrokerService | Thread-20
2022-05-31 14:53:51,860 | INFO  | Using Persistence Adapter: KahaDBPersistenceAdapter[C:\Users\Barcoaie\Desktop\Facultate\Master\Sem2\WSMT\3.Middleware\apache-activemq-5.17.1-bin\bin\..\data\kahadb] | org.apache.activemq.broker.BrokerService | main
2022-05-31 14:53:52,061 | INFO  | KahaDB is version 7 | org.apache.activemq.store.kahadb.MessageDatabase | main
2022-05-31 14:53:52,384 | INFO  | PListStore:[C:\Users\Barcoaie\Desktop\Facultate\Master\Sem2\WSMT\3.Middleware\apache-activemq-5.17.1-bin\bin\..\data\localhost\tmp_storage] started | org.apache.activemq.store.kahadb.plist.PListStoreImpl | main
2022-05-31 14:53:52,587 | INFO  | Apache ActiveMQ 5.17.1 (localhost, ID:DESKTOP-3O39TEE-1332-1653998032420-0:1) is starting | org.apache.activemq.broker.BrokerService | main
2022-05-31 14:53:52,800 | INFO  | Listening for connections at: tcp://DESKTOP-3O39TEE:61616?maximumConnections=1000&wireFormat.maxFrameSize=104857600 | org.apache.activemq.transport.TransportServerThreadSupport | main
2022-05-31 14:53:52,805 | INFO  | Connector openwire started | org.apache.activemq.broker.TransportConnector | main
2022-05-31 14:53:52,815 | INFO  | Listening for connections at: amqp://DESKTOP-3O39TEE:5672?maximumConnections=1000&wireFormat.maxFrameSize=104857600 | org.apache.activemq.transport.TransportServerThreadSupport | main
2022-05-31 14:53:52,818 | INFO  | Connector amqp started | org.apache.activemq.broker.TransportConnector | main
2022-05-31 14:53:52,828 | INFO  | Listening for connections at: stomp://DESKTOP-3O39TEE:61613?maximumConnections=1000&wireFormat.maxFrameSize=104857600 | org.apache.activemq.transport.TransportServerThreadSupport | main
2022-05-31 14:53:52,830 | INFO  | Connector stomp started | org.apache.activemq.broker.TransportConnector | main
2022-05-31 14:53:52,841 | INFO  | Listening for connections at: mqtt://DESKTOP-3O39TEE:1883?maximumConnections=1000&wireFormat.maxFrameSize=104857600 | org.apache.activemq.transport.TransportServerThreadSupport | main
2022-05-31 14:53:52,850 | INFO  | Connector mqtt started | org.apache.activemq.broker.TransportConnector | main
2022-05-31 14:53:52,868 | INFO  | Starting Jetty server | org.apache.activemq.transport.WebTransportServerSupport | main
2022-05-31 14:53:53,017 | INFO  | Creating Jetty connector | org.apache.activemq.transport.WebTransportServerSupport | main
2022-05-31 14:53:53,134 | WARN  | ServletContext@o.e.j.s.ServletContextHandler@73809e7{/,null,STARTING} has uncovered http methods for path: / | org.eclipse.jetty.security.SecurityHandler | main
2022-05-31 14:53:53,352 | INFO  | Listening for connections at ws://DESKTOP-3O39TEE:61614?maximumConnections=1000&wireFormat.maxFrameSize=104857600 | org.apache.activemq.transport.ws.WSTransportServer | main
2022-05-31 14:53:53,360 | INFO  | Connector ws started | org.apache.activemq.broker.TransportConnector | main
2022-05-31 14:53:53,363 | INFO  | Apache ActiveMQ 5.17.1 (localhost, ID:DESKTOP-3O39TEE-1332-1653998032420-0:1) started | org.apache.activemq.broker.BrokerService | main
2022-05-31 14:53:53,366 | INFO  | For help or more information please see: http://activemq.apache.org | org.apache.activemq.broker.BrokerService | main
2022-05-31 14:53:53,422 | WARN  | Store limit is 102400 mb (current store usage is 0 mb). The data directory: C:\Users\Barcoaie\Desktop\Facultate\Master\Sem2\WSMT\3.Middleware\apache-activemq-5.17.1-bin\bin\..\data\kahadb only has 27216 mb of usable space. - resetting to maximum available disk space: 27216 mb | org.apache.activemq.broker.BrokerService | main
2022-05-31 14:53:53,479 | WARN  | Temporary Store limit is 51200 mb (current store usage is 0 mb). The data directory: C:\Users\Barcoaie\Desktop\Facultate\Master\Sem2\WSMT\3.Middleware\apache-activemq-5.17.1-bin\bin\..\data only has 27215 mb of usable space. - resetting to maximum available disk space: 27215 mb | org.apache.activemq.broker.BrokerService | main
2022-05-31 14:53:55,089 | INFO  | ActiveMQ WebConsole available at http://127.0.0.1:8161/ | org.apache.activemq.web.WebConsoleStarter | main
2022-05-31 14:53:55,119 | INFO  | ActiveMQ Jolokia REST API available at http://127.0.0.1:8161/api/jolokia/ | org.apache.activemq.web.WebConsoleStarter | main
2022-05-31 14:53:57,135 | WARN  | jolokia-agent: Error while accessing access restrictor at file:C:UsersBarcoaieDesktopFacultateMasterSem2WSMT3.Middlewareapache-activemq-5.17.1-binbin..conf/jolokia-access.xml. Denying all access to MBeans for security reasons. Exception: java.io.FileNotFoundException: C:UsersBarcoaieDesktopFacultateMasterSem2WSMT3.Middlewareapache-activemq-5.17.1-binbin..conf\jolokia-access.xml (The system cannot find the path specified) | org.eclipse.jetty.server.handler.ContextHandler.api | main
java.io.FileNotFoundException: C:UsersBarcoaieDesktopFacultateMasterSem2WSMT3.Middlewareapache-activemq-5.17.1-binbin..conf\jolokia-access.xml (The system cannot find the path specified)
	at java.base/java.io.FileInputStream.open0(Native Method)
	at java.base/java.io.FileInputStream.open(FileInputStream.java:219)
	at java.base/java.io.FileInputStream.<init>(FileInputStream.java:157)
	at java.base/java.io.FileInputStream.<init>(FileInputStream.java:112)
	at java.base/sun.net.www.protocol.file.FileURLConnection.connect(FileURLConnection.java:86)
	at java.base/sun.net.www.protocol.file.FileURLConnection.getInputStream(FileURLConnection.java:184)
	at java.base/java.net.URL.openStream(URL.java:1140)
	at org.jolokia.restrictor.RestrictorFactory.lookupPolicyRestrictor(RestrictorFactory.java:119)
	at org.jolokia.restrictor.RestrictorFactory.createRestrictor(RestrictorFactory.java:50)
	at org.jolokia.http.AgentServlet.createRestrictor(AgentServlet.java:195)
	at org.jolokia.http.AgentServlet.init(AgentServlet.java:135)
	at org.eclipse.jetty.servlet.ServletHolder$Wrapper.init(ServletHolder.java:1345)
	at org.eclipse.jetty.servlet.ServletHolder.initServlet(ServletHolder.java:632)
	at org.eclipse.jetty.servlet.ServletHolder.initialize(ServletHolder.java:415)
	at org.eclipse.jetty.servlet.ServletHandler.lambda$initialize$0(ServletHandler.java:731)
	at java.base/java.util.stream.SortedOps$SizedRefSortingSink.end(SortedOps.java:357)
	at java.base/java.util.stream.AbstractPipeline.copyInto(AbstractPipeline.java:485)
	at java.base/java.util.stream.AbstractPipeline.wrapAndCopyInto(AbstractPipeline.java:474)
	at java.base/java.util.stream.StreamSpliterators$WrappingSpliterator.forEachRemaining(StreamSpliterators.java:312)
	at java.base/java.util.stream.Streams$ConcatSpliterator.forEachRemaining(Streams.java:735)
	at java.base/java.util.stream.ReferencePipeline$Head.forEach(ReferencePipeline.java:658)
	at org.eclipse.jetty.servlet.ServletHandler.initialize(ServletHandler.java:755)
	at org.eclipse.jetty.servlet.ServletContextHandler.startContext(ServletContextHandler.java:379)
	at org.eclipse.jetty.webapp.WebAppContext.startWebapp(WebAppContext.java:1449)
	at org.eclipse.jetty.webapp.WebAppContext.startContext(WebAppContext.java:1414)
	at org.eclipse.jetty.server.handler.ContextHandler.doStart(ContextHandler.java:916)
	at org.eclipse.jetty.servlet.ServletContextHandler.doStart(ServletContextHandler.java:288)
	at org.eclipse.jetty.webapp.WebAppContext.doStart(WebAppContext.java:524)
	at org.eclipse.jetty.util.component.AbstractLifeCycle.start(AbstractLifeCycle.java:73)
	at org.eclipse.jetty.util.component.ContainerLifeCycle.start(ContainerLifeCycle.java:169)
	at org.eclipse.jetty.util.component.ContainerLifeCycle.doStart(ContainerLifeCycle.java:117)
	at org.eclipse.jetty.server.handler.AbstractHandler.doStart(AbstractHandler.java:97)
	at org.eclipse.jetty.util.component.AbstractLifeCycle.start(AbstractLifeCycle.java:73)
	at org.eclipse.jetty.util.component.ContainerLifeCycle.start(ContainerLifeCycle.java:169)
	at org.eclipse.jetty.util.component.ContainerLifeCycle.doStart(ContainerLifeCycle.java:110)
	at org.eclipse.jetty.server.handler.AbstractHandler.doStart(AbstractHandler.java:97)
	at org.eclipse.jetty.security.SecurityHandler.doStart(SecurityHandler.java:411)
	at org.eclipse.jetty.security.ConstraintSecurityHandler.doStart(ConstraintSecurityHandler.java:417)
	at org.eclipse.jetty.util.component.AbstractLifeCycle.start(AbstractLifeCycle.java:73)
	at org.eclipse.jetty.util.component.ContainerLifeCycle.start(ContainerLifeCycle.java:169)
	at org.eclipse.jetty.util.component.ContainerLifeCycle.doStart(ContainerLifeCycle.java:117)
	at org.eclipse.jetty.server.handler.AbstractHandler.doStart(AbstractHandler.java:97)
	at org.eclipse.jetty.util.component.AbstractLifeCycle.start(AbstractLifeCycle.java:73)
	at org.eclipse.jetty.util.component.ContainerLifeCycle.start(ContainerLifeCycle.java:169)
	at org.eclipse.jetty.server.Server.start(Server.java:423)
	at org.eclipse.jetty.util.component.ContainerLifeCycle.doStart(ContainerLifeCycle.java:110)
	at org.eclipse.jetty.server.handler.AbstractHandler.doStart(AbstractHandler.java:97)
	at org.eclipse.jetty.server.Server.doStart(Server.java:387)
	at org.eclipse.jetty.util.component.AbstractLifeCycle.start(AbstractLifeCycle.java:73)
	at java.base/jdk.internal.reflect.NativeMethodAccessorImpl.invoke0(Native Method)
	at java.base/jdk.internal.reflect.NativeMethodAccessorImpl.invoke(NativeMethodAccessorImpl.java:62)
	at java.base/jdk.internal.reflect.DelegatingMethodAccessorImpl.invoke(DelegatingMethodAccessorImpl.java:43)
	at java.base/java.lang.reflect.Method.invoke(Method.java:566)
	at org.springframework.util.MethodInvoker.invoke(MethodInvoker.java:283)
	at org.springframework.beans.factory.config.MethodInvokingBean.invokeWithTargetException(MethodInvokingBean.java:123)
	at org.springframework.beans.factory.config.MethodInvokingFactoryBean.afterPropertiesSet(MethodInvokingFactoryBean.java:108)
	at org.springframework.beans.factory.support.AbstractAutowireCapableBeanFactory.invokeInitMethods(AbstractAutowireCapableBeanFactory.java:1863)
	at org.springframework.beans.factory.support.AbstractAutowireCapableBeanFactory.initializeBean(AbstractAutowireCapableBeanFactory.java:1800)
	at org.springframework.beans.factory.support.AbstractAutowireCapableBeanFactory.doCreateBean(AbstractAutowireCapableBeanFactory.java:620)
	at org.springframework.beans.factory.support.AbstractAutowireCapableBeanFactory.createBean(AbstractAutowireCapableBeanFactory.java:542)
	at org.springframework.beans.factory.support.AbstractBeanFactory.lambda$doGetBean$0(AbstractBeanFactory.java:335)
	at org.springframework.beans.factory.support.DefaultSingletonBeanRegistry.getSingleton(DefaultSingletonBeanRegistry.java:234)
	at org.springframework.beans.factory.support.AbstractBeanFactory.doGetBean(AbstractBeanFactory.java:333)
	at org.springframework.beans.factory.support.AbstractBeanFactory.getBean(AbstractBeanFactory.java:208)
	at org.springframework.beans.factory.support.DefaultListableBeanFactory.preInstantiateSingletons(DefaultListableBeanFactory.java:934)
	at org.springframework.context.support.AbstractApplicationContext.finishBeanFactoryInitialization(AbstractApplicationContext.java:918)
	at org.springframework.context.support.AbstractApplicationContext.refresh(AbstractApplicationContext.java:583)
	at org.apache.xbean.spring.context.ResourceXmlApplicationContext.<init>(ResourceXmlApplicationContext.java:64)
	at org.apache.xbean.spring.context.ResourceXmlApplicationContext.<init>(ResourceXmlApplicationContext.java:52)
	at org.apache.activemq.xbean.XBeanBrokerFactory$1.<init>(XBeanBrokerFactory.java:104)
	at org.apache.activemq.xbean.XBeanBrokerFactory.createApplicationContext(XBeanBrokerFactory.java:104)
	at org.apache.activemq.xbean.XBeanBrokerFactory.createBroker(XBeanBrokerFactory.java:67)
	at org.apache.activemq.broker.BrokerFactory.createBroker(BrokerFactory.java:71)
	at org.apache.activemq.broker.BrokerFactory.createBroker(BrokerFactory.java:54)
	at org.apache.activemq.console.command.StartCommand.runTask(StartCommand.java:87)
	at org.apache.activemq.console.command.AbstractCommand.execute(AbstractCommand.java:63)
	at org.apache.activemq.console.command.ShellCommand.runTask(ShellCommand.java:154)
	at org.apache.activemq.console.command.AbstractCommand.execute(AbstractCommand.java:63)
	at org.apache.activemq.console.command.ShellCommand.main(ShellCommand.java:104)
	at java.base/jdk.internal.reflect.NativeMethodAccessorImpl.invoke0(Native Method)
	at java.base/jdk.internal.reflect.NativeMethodAccessorImpl.invoke(NativeMethodAccessorImpl.java:62)
	at java.base/jdk.internal.reflect.DelegatingMethodAccessorImpl.invoke(DelegatingMethodAccessorImpl.java:43)
	at java.base/java.lang.reflect.Method.invoke(Method.java:566)
	at org.apache.activemq.console.Main.runTaskClass(Main.java:262)
	at org.apache.activemq.console.Main.main(Main.java:115)
2022-05-31 16:54:13,816 | INFO  | Apache ActiveMQ 5.17.1 (localhost, ID:DESKTOP-3O39TEE-1332-1653998032420-0:1) is shutting down | org.apache.activemq.broker.BrokerService | ActiveMQ ShutdownHook
2022-05-31 16:54:13,853 | INFO  | Connector openwire stopped | org.apache.activemq.broker.TransportConnector | ActiveMQ ShutdownHook
2022-05-31 16:54:13,853 | INFO  | Connector amqp stopped | org.apache.activemq.broker.TransportConnector | ActiveMQ ShutdownHook
2022-05-31 16:54:13,853 | INFO  | socketQueue interrupted - stopping | org.apache.activemq.transport.tcp.TcpTransportServer | ActiveMQ Transport Server Thread Handler: tcp://0.0.0.0:61616?maximumConnections=1000&wireFormat.maxFrameSize=104857600
2022-05-31 16:54:13,853 | INFO  | socketQueue interrupted - stopping | org.apache.activemq.transport.tcp.TcpTransportServer | ActiveMQ Transport Server Thread Handler: amqp://0.0.0.0:5672?maximumConnections=1000&wireFormat.maxFrameSize=104857600
2022-05-31 16:54:13,853 | INFO  | socketQueue interrupted - stopping | org.apache.activemq.transport.tcp.TcpTransportServer | ActiveMQ Transport Server Thread Handler: stomp://0.0.0.0:61613?maximumConnections=1000&wireFormat.maxFrameSize=104857600
2022-05-31 16:54:13,853 | INFO  | Could not accept connection during shutdown  : null (null) | org.apache.activemq.broker.TransportConnector | ActiveMQ Transport Server Thread Handler: tcp://0.0.0.0:61616?maximumConnections=1000&wireFormat.maxFrameSize=104857600
2022-05-31 16:54:13,853 | INFO  | Connector stomp stopped | org.apache.activemq.broker.TransportConnector | ActiveMQ ShutdownHook
2022-05-31 16:54:13,853 | INFO  | Could not accept connection during shutdown  : null (null) | org.apache.activemq.broker.TransportConnector | ActiveMQ Transport Server Thread Handler: amqp://0.0.0.0:5672?maximumConnections=1000&wireFormat.maxFrameSize=104857600
2022-05-31 16:54:13,853 | INFO  | Could not accept connection during shutdown  : null (null) | org.apache.activemq.broker.TransportConnector | ActiveMQ Transport Server Thread Handler: stomp://0.0.0.0:61613?maximumConnections=1000&wireFormat.maxFrameSize=104857600
2022-05-31 16:54:13,853 | INFO  | Connector mqtt stopped | org.apache.activemq.broker.TransportConnector | ActiveMQ ShutdownHook
2022-05-31 16:54:13,853 | INFO  | socketQueue interrupted - stopping | org.apache.activemq.transport.tcp.TcpTransportServer | ActiveMQ Transport Server Thread Handler: mqtt://0.0.0.0:1883?maximumConnections=1000&wireFormat.maxFrameSize=104857600
2022-05-31 16:54:13,853 | INFO  | Could not accept connection during shutdown  : null (null) | org.apache.activemq.broker.TransportConnector | ActiveMQ Transport Server Thread Handler: mqtt://0.0.0.0:1883?maximumConnections=1000&wireFormat.maxFrameSize=104857600
2022-05-31 16:54:13,965 | INFO  | Connector ws stopped | org.apache.activemq.broker.TransportConnector | ActiveMQ ShutdownHook
2022-05-31 16:54:13,981 | INFO  | PListStore:[C:\Users\Barcoaie\Desktop\Facultate\Master\Sem2\WSMT\3.Middleware\apache-activemq-5.17.1-bin\bin\..\data\localhost\tmp_storage] stopped | org.apache.activemq.store.kahadb.plist.PListStoreImpl | ActiveMQ ShutdownHook
2022-05-31 16:54:13,981 | INFO  | Stopping async queue tasks | org.apache.activemq.store.kahadb.KahaDBStore | ActiveMQ ShutdownHook
2022-05-31 16:54:13,981 | INFO  | Stopping async topic tasks | org.apache.activemq.store.kahadb.KahaDBStore | ActiveMQ ShutdownHook
2022-05-31 16:54:13,981 | INFO  | Stopped KahaDB | org.apache.activemq.store.kahadb.KahaDBStore | ActiveMQ ShutdownHook
2022-05-31 16:54:14,040 | INFO  | Apache ActiveMQ 5.17.1 (localhost, ID:DESKTOP-3O39TEE-1332-1653998032420-0:1) uptime 2 hours | org.apache.activemq.broker.BrokerService | ActiveMQ ShutdownHook
2022-05-31 16:54:14,040 | INFO  | Apache ActiveMQ 5.17.1 (localhost, ID:DESKTOP-3O39TEE-1332-1653998032420-0:1) is shutdown | org.apache.activemq.broker.BrokerService | ActiveMQ ShutdownHook
2022-06-15 16:16:53,050 | INFO  | Using Persistence Adapter: KahaDBPersistenceAdapter[C:\Users\Barcoaie\Desktop\Facultate\Master\Sem2\WSMT\3.Middleware\apache-activemq-5.17.1-bin\bin\..\data\kahadb] | org.apache.activemq.broker.BrokerService | main
2022-06-15 16:16:53,349 | INFO  | KahaDB is version 7 | org.apache.activemq.store.kahadb.MessageDatabase | main
2022-06-15 16:16:53,890 | INFO  | PListStore:[C:\Users\Barcoaie\Desktop\Facultate\Master\Sem2\WSMT\3.Middleware\apache-activemq-5.17.1-bin\bin\..\data\localhost\tmp_storage] started | org.apache.activemq.store.kahadb.plist.PListStoreImpl | main
2022-06-15 16:16:54,117 | INFO  | Apache ActiveMQ 5.17.1 (localhost, ID:DESKTOP-3O39TEE-27172-1655299013935-0:1) is starting | org.apache.activemq.broker.BrokerService | main
2022-06-15 16:16:54,390 | INFO  | Listening for connections at: tcp://DESKTOP-3O39TEE:61616?maximumConnections=1000&wireFormat.maxFrameSize=104857600 | org.apache.activemq.transport.TransportServerThreadSupport | main
2022-06-15 16:16:54,395 | INFO  | Connector openwire started | org.apache.activemq.broker.TransportConnector | main
2022-06-15 16:16:54,413 | INFO  | Listening for connections at: amqp://DESKTOP-3O39TEE:5672?maximumConnections=1000&wireFormat.maxFrameSize=104857600 | org.apache.activemq.transport.TransportServerThreadSupport | main
2022-06-15 16:16:54,416 | INFO  | Connector amqp started | org.apache.activemq.broker.TransportConnector | main
2022-06-15 16:16:54,430 | INFO  | Listening for connections at: stomp://DESKTOP-3O39TEE:61613?maximumConnections=1000&wireFormat.maxFrameSize=104857600 | org.apache.activemq.transport.TransportServerThreadSupport | main
2022-06-15 16:16:54,433 | INFO  | Connector stomp started | org.apache.activemq.broker.TransportConnector | main
2022-06-15 16:16:54,456 | INFO  | Listening for connections at: mqtt://DESKTOP-3O39TEE:1883?maximumConnections=1000&wireFormat.maxFrameSize=104857600 | org.apache.activemq.transport.TransportServerThreadSupport | main
2022-06-15 16:16:54,461 | INFO  | Connector mqtt started | org.apache.activemq.broker.TransportConnector | main
2022-06-15 16:16:54,477 | INFO  | Starting Jetty server | org.apache.activemq.transport.WebTransportServerSupport | main
2022-06-15 16:16:54,679 | INFO  | Creating Jetty connector | org.apache.activemq.transport.WebTransportServerSupport | main
2022-06-15 16:16:54,838 | WARN  | ServletContext@o.e.j.s.ServletContextHandler@73809e7{/,null,STARTING} has uncovered http methods for path: / | org.eclipse.jetty.security.SecurityHandler | main
2022-06-15 16:16:55,009 | INFO  | Listening for connections at ws://DESKTOP-3O39TEE:61614?maximumConnections=1000&wireFormat.maxFrameSize=104857600 | org.apache.activemq.transport.ws.WSTransportServer | main
2022-06-15 16:16:55,010 | INFO  | Connector ws started | org.apache.activemq.broker.TransportConnector | main
2022-06-15 16:16:55,013 | INFO  | Apache ActiveMQ 5.17.1 (localhost, ID:DESKTOP-3O39TEE-27172-1655299013935-0:1) started | org.apache.activemq.broker.BrokerService | main
2022-06-15 16:16:55,014 | INFO  | For help or more information please see: http://activemq.apache.org | org.apache.activemq.broker.BrokerService | main
2022-06-15 16:16:55,046 | WARN  | Store limit is 102400 mb (current store usage is 0 mb). The data directory: C:\Users\Barcoaie\Desktop\Facultate\Master\Sem2\WSMT\3.Middleware\apache-activemq-5.17.1-bin\bin\..\data\kahadb only has 18977 mb of usable space. - resetting to maximum available disk space: 18977 mb | org.apache.activemq.broker.BrokerService | main
2022-06-15 16:16:55,054 | WARN  | Temporary Store limit is 51200 mb (current store usage is 0 mb). The data directory: C:\Users\Barcoaie\Desktop\Facultate\Master\Sem2\WSMT\3.Middleware\apache-activemq-5.17.1-bin\bin\..\data only has 18977 mb of usable space. - resetting to maximum available disk space: 18977 mb | org.apache.activemq.broker.BrokerService | main
2022-06-15 16:16:57,734 | INFO  | ActiveMQ WebConsole available at http://127.0.0.1:8161/ | org.apache.activemq.web.WebConsoleStarter | main
2022-06-15 16:16:57,735 | INFO  | ActiveMQ Jolokia REST API available at http://127.0.0.1:8161/api/jolokia/ | org.apache.activemq.web.WebConsoleStarter | main
2022-06-15 16:16:59,192 | WARN  | jolokia-agent: Error while accessing access restrictor at file:C:UsersBarcoaieDesktopFacultateMasterSem2WSMT3.Middlewareapache-activemq-5.17.1-binbin..conf/jolokia-access.xml. Denying all access to MBeans for security reasons. Exception: java.io.FileNotFoundException: C:UsersBarcoaieDesktopFacultateMasterSem2WSMT3.Middlewareapache-activemq-5.17.1-binbin..conf\jolokia-access.xml (The system cannot find the path specified) | org.eclipse.jetty.server.handler.ContextHandler.api | main
java.io.FileNotFoundException: C:UsersBarcoaieDesktopFacultateMasterSem2WSMT3.Middlewareapache-activemq-5.17.1-binbin..conf\jolokia-access.xml (The system cannot find the path specified)
	at java.base/java.io.FileInputStream.open0(Native Method)
	at java.base/java.io.FileInputStream.open(FileInputStream.java:219)
	at java.base/java.io.FileInputStream.<init>(FileInputStream.java:157)
	at java.base/java.io.FileInputStream.<init>(FileInputStream.java:112)
	at java.base/sun.net.www.protocol.file.FileURLConnection.connect(FileURLConnection.java:86)
	at java.base/sun.net.www.protocol.file.FileURLConnection.getInputStream(FileURLConnection.java:184)
	at java.base/java.net.URL.openStream(URL.java:1140)
	at org.jolokia.restrictor.RestrictorFactory.lookupPolicyRestrictor(RestrictorFactory.java:119)
	at org.jolokia.restrictor.RestrictorFactory.createRestrictor(RestrictorFactory.java:50)
	at org.jolokia.http.AgentServlet.createRestrictor(AgentServlet.java:195)
	at org.jolokia.http.AgentServlet.init(AgentServlet.java:135)
	at org.eclipse.jetty.servlet.ServletHolder$Wrapper.init(ServletHolder.java:1345)
	at org.eclipse.jetty.servlet.ServletHolder.initServlet(ServletHolder.java:632)
	at org.eclipse.jetty.servlet.ServletHolder.initialize(ServletHolder.java:415)
	at org.eclipse.jetty.servlet.ServletHandler.lambda$initialize$0(ServletHandler.java:731)
	at java.base/java.util.stream.SortedOps$SizedRefSortingSink.end(SortedOps.java:357)
	at java.base/java.util.stream.AbstractPipeline.copyInto(AbstractPipeline.java:485)
	at java.base/java.util.stream.AbstractPipeline.wrapAndCopyInto(AbstractPipeline.java:474)
	at java.base/java.util.stream.StreamSpliterators$WrappingSpliterator.forEachRemaining(StreamSpliterators.java:312)
	at java.base/java.util.stream.Streams$ConcatSpliterator.forEachRemaining(Streams.java:735)
	at java.base/java.util.stream.ReferencePipeline$Head.forEach(ReferencePipeline.java:658)
	at org.eclipse.jetty.servlet.ServletHandler.initialize(ServletHandler.java:755)
	at org.eclipse.jetty.servlet.ServletContextHandler.startContext(ServletContextHandler.java:379)
	at org.eclipse.jetty.webapp.WebAppContext.startWebapp(WebAppContext.java:1449)
	at org.eclipse.jetty.webapp.WebAppContext.startContext(WebAppContext.java:1414)
	at org.eclipse.jetty.server.handler.ContextHandler.doStart(ContextHandler.java:916)
	at org.eclipse.jetty.servlet.ServletContextHandler.doStart(ServletContextHandler.java:288)
	at org.eclipse.jetty.webapp.WebAppContext.doStart(WebAppContext.java:524)
	at org.eclipse.jetty.util.component.AbstractLifeCycle.start(AbstractLifeCycle.java:73)
	at org.eclipse.jetty.util.component.ContainerLifeCycle.start(ContainerLifeCycle.java:169)
	at org.eclipse.jetty.util.component.ContainerLifeCycle.doStart(ContainerLifeCycle.java:117)
	at org.eclipse.jetty.server.handler.AbstractHandler.doStart(AbstractHandler.java:97)
	at org.eclipse.jetty.util.component.AbstractLifeCycle.start(AbstractLifeCycle.java:73)
	at org.eclipse.jetty.util.component.ContainerLifeCycle.start(ContainerLifeCycle.java:169)
	at org.eclipse.jetty.util.component.ContainerLifeCycle.doStart(ContainerLifeCycle.java:110)
	at org.eclipse.jetty.server.handler.AbstractHandler.doStart(AbstractHandler.java:97)
	at org.eclipse.jetty.security.SecurityHandler.doStart(SecurityHandler.java:411)
	at org.eclipse.jetty.security.ConstraintSecurityHandler.doStart(ConstraintSecurityHandler.java:417)
	at org.eclipse.jetty.util.component.AbstractLifeCycle.start(AbstractLifeCycle.java:73)
	at org.eclipse.jetty.util.component.ContainerLifeCycle.start(ContainerLifeCycle.java:169)
	at org.eclipse.jetty.util.component.ContainerLifeCycle.doStart(ContainerLifeCycle.java:117)
	at org.eclipse.jetty.server.handler.AbstractHandler.doStart(AbstractHandler.java:97)
	at org.eclipse.jetty.util.component.AbstractLifeCycle.start(AbstractLifeCycle.java:73)
	at org.eclipse.jetty.util.component.ContainerLifeCycle.start(ContainerLifeCycle.java:169)
	at org.eclipse.jetty.server.Server.start(Server.java:423)
	at org.eclipse.jetty.util.component.ContainerLifeCycle.doStart(ContainerLifeCycle.java:110)
	at org.eclipse.jetty.server.handler.AbstractHandler.doStart(AbstractHandler.java:97)
	at org.eclipse.jetty.server.Server.doStart(Server.java:387)
	at org.eclipse.jetty.util.component.AbstractLifeCycle.start(AbstractLifeCycle.java:73)
	at java.base/jdk.internal.reflect.NativeMethodAccessorImpl.invoke0(Native Method)
	at java.base/jdk.internal.reflect.NativeMethodAccessorImpl.invoke(NativeMethodAccessorImpl.java:62)
	at java.base/jdk.internal.reflect.DelegatingMethodAccessorImpl.invoke(DelegatingMethodAccessorImpl.java:43)
	at java.base/java.lang.reflect.Method.invoke(Method.java:566)
	at org.springframework.util.MethodInvoker.invoke(MethodInvoker.java:283)
	at org.springframework.beans.factory.config.MethodInvokingBean.invokeWithTargetException(MethodInvokingBean.java:123)
	at org.springframework.beans.factory.config.MethodInvokingFactoryBean.afterPropertiesSet(MethodInvokingFactoryBean.java:108)
	at org.springframework.beans.factory.support.AbstractAutowireCapableBeanFactory.invokeInitMethods(AbstractAutowireCapableBeanFactory.java:1863)
	at org.springframework.beans.factory.support.AbstractAutowireCapableBeanFactory.initializeBean(AbstractAutowireCapableBeanFactory.java:1800)
	at org.springframework.beans.factory.support.AbstractAutowireCapableBeanFactory.doCreateBean(AbstractAutowireCapableBeanFactory.java:620)
	at org.springframework.beans.factory.support.AbstractAutowireCapableBeanFactory.createBean(AbstractAutowireCapableBeanFactory.java:542)
	at org.springframework.beans.factory.support.AbstractBeanFactory.lambda$doGetBean$0(AbstractBeanFactory.java:335)
	at org.springframework.beans.factory.support.DefaultSingletonBeanRegistry.getSingleton(DefaultSingletonBeanRegistry.java:234)
	at org.springframework.beans.factory.support.AbstractBeanFactory.doGetBean(AbstractBeanFactory.java:333)
	at org.springframework.beans.factory.support.AbstractBeanFactory.getBean(AbstractBeanFactory.java:208)
	at org.springframework.beans.factory.support.DefaultListableBeanFactory.preInstantiateSingletons(DefaultListableBeanFactory.java:934)
	at org.springframework.context.support.AbstractApplicationContext.finishBeanFactoryInitialization(AbstractApplicationContext.java:918)
	at org.springframework.context.support.AbstractApplicationContext.refresh(AbstractApplicationContext.java:583)
	at org.apache.xbean.spring.context.ResourceXmlApplicationContext.<init>(ResourceXmlApplicationContext.java:64)
	at org.apache.xbean.spring.context.ResourceXmlApplicationContext.<init>(ResourceXmlApplicationContext.java:52)
	at org.apache.activemq.xbean.XBeanBrokerFactory$1.<init>(XBeanBrokerFactory.java:104)
	at org.apache.activemq.xbean.XBeanBrokerFactory.createApplicationContext(XBeanBrokerFactory.java:104)
	at org.apache.activemq.xbean.XBeanBrokerFactory.createBroker(XBeanBrokerFactory.java:67)
	at org.apache.activemq.broker.BrokerFactory.createBroker(BrokerFactory.java:71)
	at org.apache.activemq.broker.BrokerFactory.createBroker(BrokerFactory.java:54)
	at org.apache.activemq.console.command.StartCommand.runTask(StartCommand.java:87)
	at org.apache.activemq.console.command.AbstractCommand.execute(AbstractCommand.java:63)
	at org.apache.activemq.console.command.ShellCommand.runTask(ShellCommand.java:154)
	at org.apache.activemq.console.command.AbstractCommand.execute(AbstractCommand.java:63)
	at org.apache.activemq.console.command.ShellCommand.main(ShellCommand.java:104)
	at java.base/jdk.internal.reflect.NativeMethodAccessorImpl.invoke0(Native Method)
	at java.base/jdk.internal.reflect.NativeMethodAccessorImpl.invoke(NativeMethodAccessorImpl.java:62)
	at java.base/jdk.internal.reflect.DelegatingMethodAccessorImpl.invoke(DelegatingMethodAccessorImpl.java:43)
	at java.base/java.lang.reflect.Method.invoke(Method.java:566)
	at org.apache.activemq.console.Main.runTaskClass(Main.java:262)
	at org.apache.activemq.console.Main.main(Main.java:115)
